This is pdfTeX, Version 3.14159265-2.6-1.40.20 (MiKTeX 2.9.7250 64-bit) (preloaded format=pdflatex 2020.8.26)  26 MAR 2021 09:46
entering extended mode
**./broadband.speed.covid_anonymised.tex
(broadband.speed.covid_anonymised.tex
LaTeX2e <2020-02-02> patch level 5
L3 programming layer <2020-08-07> (interact.cls
Document Class: interact 2016/10/17 v1.03 Interact LaTeX document class
(C:\Users\nw19521\AppData\Local\Programs\MiKTeX\tex/latex\base\article.cls
Document Class: article 2019/12/20 v1.4l Standard LaTeX document class
(C:\Users\nw19521\AppData\Local\Programs\MiKTeX\tex/latex\base\size11.clo
File: size11.clo 2019/12/20 v1.4l Standard LaTeX file (size option)
)
\c@part=\count168
\c@section=\count169
\c@subsection=\count170
\c@subsubsection=\count171
\c@paragraph=\count172
\c@subparagraph=\count173
\c@figure=\count174
\c@table=\count175
\abovecaptionskip=\skip47
\belowcaptionskip=\skip48
\bibindent=\dimen134
) (C:\Users\nw19521\AppData\Local\Programs\MiKTeX\tex/latex\amsmath\amsmath.sty
Package: amsmath 2020/01/20 v2.17e AMS math features
\@mathmargin=\skip49
For additional information on amsmath, use the `?' option.
(C:\Users\nw19521\AppData\Local\Programs\MiKTeX\tex/latex\amsmath\amstext.sty
Package: amstext 2000/06/29 v2.01 AMS text
(C:\Users\nw19521\AppData\Local\Programs\MiKTeX\tex/latex\amsmath\amsgen.sty
File: amsgen.sty 1999/11/30 v2.0 generic functions
\@emptytoks=\toks15
\ex@=\dimen135
)) (C:\Users\nw19521\AppData\Local\Programs\MiKTeX\tex/latex\amsmath\amsbsy.sty
Package: amsbsy 1999/11/29 v1.2d Bold Symbols
\pmbraise@=\dimen136
) (C:\Users\nw19521\AppData\Local\Programs\MiKTeX\tex/latex\amsmath\amsopn.sty
Package: amsopn 2016/03/08 v2.02 operator names
)
\inf@bad=\count176
LaTeX Info: Redefining \frac on input line 227.
\uproot@=\count177
\leftroot@=\count178
LaTeX Info: Redefining \overline on input line 389.
\classnum@=\count179
\DOTSCASE@=\count180
LaTeX Info: Redefining \ldots on input line 486.
LaTeX Info: Redefining \dots on input line 489.
LaTeX Info: Redefining \cdots on input line 610.
\Mathstrutbox@=\box45
\strutbox@=\box46
\big@size=\dimen137
LaTeX Font Info:    Redeclaring font encoding OML on input line 733.
LaTeX Font Info:    Redeclaring font encoding OMS on input line 734.
\macc@depth=\count181
\c@MaxMatrixCols=\count182
\dotsspace@=\muskip16
\c@parentequation=\count183
\dspbrk@lvl=\count184
\tag@help=\toks16
\row@=\count185
\column@=\count186
\maxfields@=\count187
\andhelp@=\toks17
\eqnshift@=\dimen138
\alignsep@=\dimen139
\tagshift@=\dimen140
\tagwidth@=\dimen141
\totwidth@=\dimen142
\lineht@=\dimen143
\@envbody=\toks18
\multlinegap=\skip50
\multlinetaggap=\skip51
\mathdisplay@stack=\toks19
LaTeX Info: Redefining \[ on input line 2859.
LaTeX Info: Redefining \] on input line 2860.
) (C:\Users\nw19521\AppData\Local\Programs\MiKTeX\tex/latex\amsfonts\amssymb.st
y
Package: amssymb 2013/01/14 v3.01 AMS font symbols

(C:\Users\nw19521\AppData\Local\Programs\MiKTeX\tex/latex\amsfonts\amsfonts.sty
Package: amsfonts 2013/01/14 v3.01 Basic AMSFonts support
\symAMSa=\mathgroup4
\symAMSb=\mathgroup5
LaTeX Font Info:    Redeclaring math symbol \hbar on input line 98.
LaTeX Font Info:    Overwriting math alphabet `\mathfrak' in version `bold'
(Font)                  U/euf/m/n --> U/euf/b/n on input line 106.
)) (C:\Users\nw19521\AppData\Local\Programs\MiKTeX\tex/latex\amscls\amsthm.sty
Package: amsthm 2020/05/29 v2.20.6
\thm@style=\toks20
\thm@bodyfont=\toks21
\thm@headfont=\toks22
\thm@notefont=\toks23
\thm@headpunct=\toks24
\thm@preskip=\skip52
\thm@postskip=\skip53
\thm@headsep=\skip54
\dth@everypar=\toks25
)
(C:\Users\nw19521\AppData\Local\Programs\MiKTeX\tex/latex\booktabs\booktabs.sty
Package: booktabs 2020/01/12 v1.61803398 Publication quality tables
\heavyrulewidth=\dimen144
\lightrulewidth=\dimen145
\cmidrulewidth=\dimen146
\belowrulesep=\dimen147
\belowbottomsep=\dimen148
\aboverulesep=\dimen149
\abovetopsep=\dimen150
\cmidrulesep=\dimen151
\cmidrulekern=\dimen152
\defaultaddspace=\dimen153
\@cmidla=\count188
\@cmidlb=\count189
\@aboverulesep=\dimen154
\@belowrulesep=\dimen155
\@thisruleclass=\count190
\@lastruleclass=\count191
\@thisrulewidth=\dimen156
) (C:\Users\nw19521\AppData\Local\Programs\MiKTeX\tex/latex\graphics\epsfig.sty
Package: epsfig 2017/06/25 v1.7b (e)psfig emulation (SPQR)

(C:\Users\nw19521\AppData\Local\Programs\MiKTeX\tex/latex\graphics\graphicx.sty
Package: graphicx 2019/11/30 v1.2a Enhanced LaTeX Graphics (DPC,SPQR)
(C:\Users\nw19521\AppData\Local\Programs\MiKTeX\tex/latex\graphics\keyval.sty
Package: keyval 2014/10/28 v1.15 key=value parser (DPC)
\KV@toks@=\toks26
)
(C:\Users\nw19521\AppData\Local\Programs\MiKTeX\tex/latex\graphics\graphics.sty
Package: graphics 2019/11/30 v1.4a Standard LaTeX Graphics (DPC,SPQR)
(C:\Users\nw19521\AppData\Local\Programs\MiKTeX\tex/latex\graphics\trig.sty
Package: trig 2016/01/03 v1.10 sin cos tan (DPC)
)
(C:\Users\nw19521\AppData\Local\Programs\MiKTeX\tex/latex\graphics-cfg\graphics
.cfg
File: graphics.cfg 2016/06/04 v1.11 sample graphics configuration
)
Package graphics Info: Driver file: pdftex.def on input line 105.

(C:\Users\nw19521\AppData\Local\Programs\MiKTeX\tex/latex\graphics-def\pdftex.d
ef
File: pdftex.def 2018/01/08 v1.0l Graphics/color driver for pdftex
))
\Gin@req@height=\dimen157
\Gin@req@width=\dimen158
)
\epsfxsize=\dimen159
\epsfysize=\dimen160
)
(C:\Users\nw19521\AppData\Local\Programs\MiKTeX\tex/latex\graphics\rotating.sty
Package: rotating 2016/08/11 v2.16d rotated objects in LaTeX
(C:\Users\nw19521\AppData\Local\Programs\MiKTeX\tex/latex\base\ifthen.sty
Package: ifthen 2014/09/29 v1.1c Standard LaTeX ifthen package (DPC)
)
\c@r@tfl@t=\count192
\rotFPtop=\skip55
\rotFPbot=\skip56
\rot@float@box=\box47
\rot@mess@toks=\toks27
)
(C:\Users\nw19521\AppData\Local\Programs\MiKTeX\tex/latex\geometry\geometry.sty
Package: geometry 2020/01/02 v5.9 Page Geometry
(C:\Users\nw19521\AppData\Local\Programs\MiKTeX\tex/generic\iftex\ifvtex.sty
Package: ifvtex 2019/10/25 v1.7 ifvtex legacy package. Use iftex instead.
(C:\Users\nw19521\AppData\Local\Programs\MiKTeX\tex/generic\iftex\iftex.sty
Package: iftex 2020/03/06 v1.0d TeX engine tests
))
\Gm@cnth=\count193
\Gm@cntv=\count194
\c@Gm@tempcnt=\count195
\Gm@bindingoffset=\dimen161
\Gm@wd@mp=\dimen162
\Gm@odd@mp=\dimen163
\Gm@even@mp=\dimen164
\Gm@layoutwidth=\dimen165
\Gm@layoutheight=\dimen166
\Gm@layouthoffset=\dimen167
\Gm@layoutvoffset=\dimen168
\Gm@dimlist=\toks28

(C:\Users\nw19521\AppData\Local\Programs\MiKTeX\tex/latex\geometry\geometry.cfg
))
\c@mv@upright=\count196
\c@mv@boldupright=\count197
LaTeX Font Info:    Overwriting symbol font `letters' in version `upright'
(Font)                  OML/cmm/m/it --> OML/eur/m/n on input line 163.
LaTeX Font Info:    Overwriting symbol font `letters' in version `boldupright'
(Font)                  OML/cmm/m/it --> OML/eur/b/n on input line 164.
\figheight=\dimen169
\figwidth=\dimen170
\tabledim=\dimen171
\LabelSep=\dimen172
\TopSep=\skip57
)
(C:\Users\nw19521\AppData\Local\Programs\MiKTeX\tex/latex\epstopdf-pkg\epstopdf
.sty
Package: epstopdf 2020-01-24 v2.11 Conversion with epstopdf on the fly (HO)

(C:\Users\nw19521\AppData\Local\Programs\MiKTeX\tex/generic\infwarerr\infwarerr
.sty
Package: infwarerr 2019/12/03 v1.5 Providing info/warning/error messages (HO)
) (C:\Users\nw19521\AppData\Local\Programs\MiKTeX\tex/latex\grfext\grfext.sty
Package: grfext 2019/12/03 v1.3 Manage graphics extensions (HO)

(C:\Users\nw19521\AppData\Local\Programs\MiKTeX\tex/generic\kvdefinekeys\kvdefi
nekeys.sty
Package: kvdefinekeys 2019-12-19 v1.6 Define keys (HO)
))
(C:\Users\nw19521\AppData\Local\Programs\MiKTeX\tex/latex\kvoptions\kvoptions.s
ty
Package: kvoptions 2019/11/29 v3.13 Key value format for package options (HO)

(C:\Users\nw19521\AppData\Local\Programs\MiKTeX\tex/generic\ltxcmds\ltxcmds.sty
Package: ltxcmds 2020-05-10 v1.25 LaTeX kernel commands for general use (HO)
)
(C:\Users\nw19521\AppData\Local\Programs\MiKTeX\tex/generic\kvsetkeys\kvsetkeys
.sty
Package: kvsetkeys 2019/12/15 v1.18 Key value parser (HO)
))
(C:\Users\nw19521\AppData\Local\Programs\MiKTeX\tex/generic\pdftexcmds\pdftexcm
ds.sty
Package: pdftexcmds 2020-06-27 v0.33 Utility functions of pdfTeX for LuaTeX (HO
)
Package pdftexcmds Info: \pdf@primitive is available.
Package pdftexcmds Info: \pdf@ifprimitive is available.
Package pdftexcmds Info: \pdfdraftmode found.
)
(C:\Users\nw19521\AppData\Local\Programs\MiKTeX\tex/latex\epstopdf-pkg\epstopdf
-base.sty
Package: epstopdf-base 2020-01-24 v2.11 Base part for package epstopdf
Package epstopdf-base Info: Redefining graphics rule for `.eps' on input line 4
85.
Package grfext Info: Graphics extension search list:
(grfext)             [.pdf,.png,.jpg,.mps,.jpeg,.jbig2,.jb2,.PDF,.PNG,.JPG,.JPE
G,.JBIG2,.JB2,.eps]
(grfext)             \AppendGraphicsExtensions on input line 504.
))
(C:\Users\nw19521\AppData\Local\Programs\MiKTeX\tex/latex\subfigure\subfigure.s
ty
Package: subfigure 2002/07/30 v2.1.4 subfigure package
\subfigtopskip=\skip58
\subfigcapskip=\skip59
\subfigcaptopadj=\dimen173
\subfigbottomskip=\skip60
\subfigcapmargin=\dimen174
\subfiglabelskip=\skip61
\c@subfigure=\count198
\c@lofdepth=\count199
\c@subtable=\count266
\c@lotdepth=\count267
****************************************
* Local config file subfigure.cfg used *
****************************************

(C:\Users\nw19521\AppData\Local\Programs\MiKTeX\tex/latex\subfigure\subfigure.c
fg)
\subfig@top=\skip62
\subfig@bottom=\skip63
) (C:\Users\nw19521\AppData\Local\Programs\MiKTeX\tex/latex\natbib\natbib.sty
Package: natbib 2010/09/13 8.31b (PWD, AO)
\bibhang=\skip64
\bibsep=\skip65
LaTeX Info: Redefining \cite on input line 694.
\c@NAT@ctr=\count268
)
\c@theorem=\count269
\c@remark=\count270
\c@notation=\count271

(C:\Users\nw19521\AppData\Local\Programs\MiKTeX\tex/latex\hyperref\hyperref.sty
Package: hyperref 2020-05-15 v7.00e Hypertext links for LaTeX

(C:\Users\nw19521\AppData\Local\Programs\MiKTeX\tex/generic\pdfescape\pdfescape
.sty
Package: pdfescape 2019/12/09 v1.15 Implements pdfTeX's escape features (HO)
) (C:\Users\nw19521\AppData\Local\Programs\MiKTeX\tex/latex\hycolor\hycolor.sty
Package: hycolor 2020-01-27 v1.10 Color options for hyperref/bookmark (HO)
)
(C:\Users\nw19521\AppData\Local\Programs\MiKTeX\tex/latex\letltxmacro\letltxmac
ro.sty
Package: letltxmacro 2019/12/03 v1.6 Let assignment for LaTeX macros (HO)
) (C:\Users\nw19521\AppData\Local\Programs\MiKTeX\tex/latex\auxhook\auxhook.sty
Package: auxhook 2019-12-17 v1.6 Hooks for auxiliary files (HO)
)
\@linkdim=\dimen175
\Hy@linkcounter=\count272
\Hy@pagecounter=\count273
(C:\Users\nw19521\AppData\Local\Programs\MiKTeX\tex/latex\hyperref\pd1enc.def
File: pd1enc.def 2020-05-15 v7.00e Hyperref: PDFDocEncoding definition (HO)
Now handling font encoding PD1 ...
... no UTF-8 mapping file for font encoding PD1
)
(C:\Users\nw19521\AppData\Local\Programs\MiKTeX\tex/generic\intcalc\intcalc.sty
Package: intcalc 2019/12/15 v1.3 Expandable calculations with integers (HO)
)
(C:\Users\nw19521\AppData\Local\Programs\MiKTeX\tex/generic\etexcmds\etexcmds.s
ty
Package: etexcmds 2019/12/15 v1.7 Avoid name clashes with e-TeX commands (HO)
)
\Hy@SavedSpaceFactor=\count274
\pdfmajorversion=\count275
("C:\Program Files\MiKTeX 2.9\tex/latex/00miktex\hyperref.cfg"
File: hyperref.cfg 2002/06/06 v1.2 hyperref configuration of TeXLive
)
Package hyperref Info: Hyper figures OFF on input line 4464.
Package hyperref Info: Link nesting OFF on input line 4469.
Package hyperref Info: Hyper index ON on input line 4472.
Package hyperref Info: Plain pages OFF on input line 4479.
Package hyperref Info: Backreferencing OFF on input line 4484.
Package hyperref Info: Implicit mode ON; LaTeX internals redefined.
Package hyperref Info: Bookmarks ON on input line 4717.
\c@Hy@tempcnt=\count276
(C:\Users\nw19521\AppData\Local\Programs\MiKTeX\tex/latex\url\url.sty
\Urlmuskip=\muskip17
Package: url 2013/09/16  ver 3.4  Verb mode for urls, etc.
)
LaTeX Info: Redefining \url on input line 5076.
\XeTeXLinkMargin=\dimen176
(C:\Users\nw19521\AppData\Local\Programs\MiKTeX\tex/generic\bitset\bitset.sty
Package: bitset 2019/12/09 v1.3 Handle bit-vector datatype (HO)

(C:\Users\nw19521\AppData\Local\Programs\MiKTeX\tex/generic\bigintcalc\bigintca
lc.sty
Package: bigintcalc 2019/12/15 v1.5 Expandable calculations on big integers (HO
)
))
\Fld@menulength=\count277
\Field@Width=\dimen177
\Fld@charsize=\dimen178
Package hyperref Info: Hyper figures OFF on input line 6347.
Package hyperref Info: Link nesting OFF on input line 6352.
Package hyperref Info: Hyper index ON on input line 6355.
Package hyperref Info: backreferencing OFF on input line 6362.
Package hyperref Info: Link coloring OFF on input line 6367.
Package hyperref Info: Link coloring with OCG OFF on input line 6372.
Package hyperref Info: PDF/A mode OFF on input line 6377.
LaTeX Info: Redefining \ref on input line 6417.
LaTeX Info: Redefining \pageref on input line 6421.

(C:\Users\nw19521\AppData\Local\Programs\MiKTeX\tex/generic\atbegshi\atbegshi.s
ty
Package: atbegshi 2019/12/05 v1.19 At begin shipout hook (HO)
)
\Hy@abspage=\count278
\c@Item=\count279
\c@Hfootnote=\count280
)
Package hyperref Info: Driver (autodetected): hpdftex.
(C:\Users\nw19521\AppData\Local\Programs\MiKTeX\tex/latex\hyperref\hpdftex.def
File: hpdftex.def 2020-05-15 v7.00e Hyperref driver for pdfTeX

(C:\Users\nw19521\AppData\Local\Programs\MiKTeX\tex/latex\atveryend\atveryend.s
ty
Package: atveryend 2019-12-11 v1.11 Hooks at the very end of document (HO)
Package atveryend Info: \enddocument detected (standard20110627).
)
\Fld@listcount=\count281
\c@bookmark@seq@number=\count282

(C:\Users\nw19521\AppData\Local\Programs\MiKTeX\tex/latex\rerunfilecheck\rerunf
ilecheck.sty
Package: rerunfilecheck 2019/12/05 v1.9 Rerun checks for auxiliary files (HO)

(C:\Users\nw19521\AppData\Local\Programs\MiKTeX\tex/generic\uniquecounter\uniqu
ecounter.sty
Package: uniquecounter 2019/12/15 v1.4 Provide unlimited unique counter (HO)
)
Package uniquecounter Info: New unique counter `rerunfilecheck' on input line 2
86.
)
\Hy@SectionHShift=\skip66
) (C:\Users\nw19521\AppData\Local\Programs\MiKTeX\tex/latex\base\inputenc.sty
Package: inputenc 2018/08/11 v1.3c Input encoding file
\inpenc@prehook=\toks29
\inpenc@posthook=\toks30
) (C:\Users\nw19521\AppData\Local\Programs\MiKTeX\tex/latex\tools\dcolumn.sty
Package: dcolumn 2014/10/28 v1.06 decimal alignment package (DPC)
(C:\Users\nw19521\AppData\Local\Programs\MiKTeX\tex/latex\tools\array.sty
Package: array 2019/08/31 v2.4l Tabular extension package (FMi)
\col@sep=\dimen179
\ar@mcellbox=\box48
\extrarowheight=\dimen180
\NC@list=\toks31
\extratabsurround=\skip67
\backup@length=\skip68
\ar@cellbox=\box49
))
(C:\Users\nw19521\AppData\Local\Programs\MiKTeX\tex/latex\l3backend\l3backend-p
dfmode.def
File: l3backend-pdfmode.def 2020-08-07 L3 backend support: PDF mode
\l__kernel_color_stack_int=\count283
\l__pdf_internal_box=\box50
) (broadband.speed.covid_anonymised.aux

LaTeX Warning: Label `' multiply defined.


LaTeX Warning: Label `' multiply defined.

)
\openout1 = `broadband.speed.covid_anonymised.aux'.

LaTeX Font Info:    Checking defaults for OML/cmm/m/it on input line 36.
LaTeX Font Info:    ... okay on input line 36.
LaTeX Font Info:    Checking defaults for OMS/cmsy/m/n on input line 36.
LaTeX Font Info:    ... okay on input line 36.
LaTeX Font Info:    Checking defaults for OT1/cmr/m/n on input line 36.
LaTeX Font Info:    ... okay on input line 36.
LaTeX Font Info:    Checking defaults for T1/cmr/m/n on input line 36.
LaTeX Font Info:    ... okay on input line 36.
LaTeX Font Info:    Checking defaults for TS1/cmr/m/n on input line 36.
LaTeX Font Info:    ... okay on input line 36.
LaTeX Font Info:    Checking defaults for OMX/cmex/m/n on input line 36.
LaTeX Font Info:    ... okay on input line 36.
LaTeX Font Info:    Checking defaults for U/cmr/m/n on input line 36.
LaTeX Font Info:    ... okay on input line 36.
LaTeX Font Info:    Checking defaults for PD1/pdf/m/n on input line 36.
LaTeX Font Info:    ... okay on input line 36.

(C:\Users\nw19521\AppData\Local\Programs\MiKTeX\tex\context\base\mkii\supp-pdf.
mkii
[Loading MPS to PDF converter (version 2006.09.02).]
\scratchcounter=\count284
\scratchdimen=\dimen181
\scratchbox=\box51
\nofMPsegments=\count285
\nofMParguments=\count286
\everyMPshowfont=\toks32
\MPscratchCnt=\count287
\MPscratchDim=\dimen182
\MPnumerator=\count288
\makeMPintoPDFobject=\count289
\everyMPtoPDFconversion=\toks33
)
*geometry* driver: auto-detecting
*geometry* detected driver: pdftex
*geometry* verbose mode - [ preamble ] result:
* driver: pdftex
* paper: <default>
* layout: <same size as paper>
* layoutoffset:(h,v)=(0.0pt,0.0pt)
* modes: 
* h-part:(L,W,R)=(94.75394pt, 408.0pt, 94.75394pt)
* v-part:(T,H,B)=(78.01874pt, 650.0pt, 117.0281pt)
* \paperwidth=597.50787pt
* \paperheight=845.04684pt
* \textwidth=408.0pt
* \textheight=650.0pt
* \oddsidemargin=22.48395pt
* \evensidemargin=22.48395pt
* \topmargin=-31.25125pt
* \headheight=12.0pt
* \headsep=25.0pt
* \topskip=11.0pt
* \footskip=30.0pt
* \marginparwidth=50.0pt
* \marginparsep=10.0pt
* \columnsep=12.0pt
* \skip\footins=10.0pt plus 4.0pt minus 2.0pt
* \hoffset=0.0pt
* \voffset=0.0pt
* \mag=1000
* \@twocolumnfalse
* \@twosidefalse
* \@mparswitchfalse
* \@reversemarginfalse
* (1in=72.27pt=25.4mm, 1cm=28.453pt)

\AtBeginShipoutBox=\box52
Package hyperref Info: Link coloring OFF on input line 36.
(C:\Users\nw19521\AppData\Local\Programs\MiKTeX\tex/latex\hyperref\nameref.sty
Package: nameref 2019/09/16 v2.46 Cross-referencing by name of section

(C:\Users\nw19521\AppData\Local\Programs\MiKTeX\tex/latex\refcount\refcount.sty
Package: refcount 2019/12/15 v3.6 Data extraction from label references (HO)
)
(C:\Users\nw19521\AppData\Local\Programs\MiKTeX\tex/generic\gettitlestring\gett
itlestring.sty
Package: gettitlestring 2019/12/15 v1.6 Cleanup title references (HO)
)
\c@section@level=\count290
)
LaTeX Info: Redefining \ref on input line 36.
LaTeX Info: Redefining \pageref on input line 36.
LaTeX Info: Redefining \nameref on input line 36.
(broadband.speed.covid_anonymised.out) (broadband.speed.covid_anonymised.out)
\@outlinefile=\write3
\openout3 = `broadband.speed.covid_anonymised.out'.


LaTeX Font Warning: Font shape `OT1/cmr/m/n' in size <13> not available
(Font)              size <12> substituted on input line 50.


LaTeX Font Warning: Font shape `OT1/cmr/bx/n' in size <13> not available
(Font)              size <12> substituted on input line 50.

LaTeX Font Info:    Calculating math sizes for size <11> on input line 50.

LaTeX Font Warning: Font shape `OT1/cmr/m/n' in size <5.5> not available
(Font)              size <5> substituted on input line 50.


LaTeX Font Warning: Font shape `OML/cmm/m/it' in size <5.5> not available
(Font)              size <5> substituted on input line 50.


LaTeX Font Warning: Font shape `OMS/cmsy/m/n' in size <5.5> not available
(Font)              size <5> substituted on input line 50.

LaTeX Font Info:    Trying to load font information for U+msa on input line 50.

(C:\Users\nw19521\AppData\Local\Programs\MiKTeX\tex/latex\amsfonts\umsa.fd
File: umsa.fd 2013/01/14 v3.01 AMS symbols A
)
LaTeX Font Info:    Trying to load font information for U+msb on input line 50.

(C:\Users\nw19521\AppData\Local\Programs\MiKTeX\tex/latex\amsfonts\umsb.fd
File: umsb.fd 2013/01/14 v3.01 AMS symbols B
) [1



{C:/Users/nw19521/AppData/Local/MiKTeX/2.9/pdftex/config/pdftex.map}] [2] [3] [
4] [5] [6]
Overfull \vbox (0.77919pt too high) has occurred while \output is active []

[7]
<figures/time.var.plot2020.png, id=359, 444.4605pt x 444.4605pt>
File: figures/time.var.plot2020.png Graphic file (type png)
<use figures/time.var.plot2020.png>
Package pdftex.def Info: figures/time.var.plot2020.png  used on input line 500.

(pdftex.def)             Requested size: 346.81343pt x 325.00958pt.
<figures/time.var.plot2019.png, id=360, 444.4605pt x 444.4605pt>
File: figures/time.var.plot2019.png Graphic file (type png)
<use figures/time.var.plot2019.png>
Package pdftex.def Info: figures/time.var.plot2019.png  used on input line 506.

(pdftex.def)             Requested size: 346.81343pt x 325.00958pt.
[8 <./figures/time.var.plot2020.png>] [9 <./figures/time.var.plot2019.png>]
<figures/UpCluster.png, id=381, 505.89pt x 505.89pt>
File: figures/UpCluster.png Graphic file (type png)
<use figures/UpCluster.png>
Package pdftex.def Info: figures/UpCluster.png  used on input line 576.
(pdftex.def)             Requested size: 387.59875pt x 387.60667pt.
[10] [11 <./figures/UpCluster.png>]
<figures/map.up.clusters.png, id=401, 505.89pt x 505.89pt>
File: figures/map.up.clusters.png Graphic file (type png)
<use figures/map.up.clusters.png>
Package pdftex.def Info: figures/map.up.clusters.png  used on input line 622.
(pdftex.def)             Requested size: 387.59875pt x 387.60667pt.
[12 <./figures/map.up.clusters.png (PNG copy)>] [13] [14] [15] [16] [17] [18] [
19] [20]
<figures/map.up.2019.clusters.png, id=503, 505.89pt x 505.89pt>
File: figures/map.up.2019.clusters.png Graphic file (type png)
<use figures/map.up.2019.clusters.png>
Package pdftex.def Info: figures/map.up.2019.clusters.png  used on input line 1
167.
(pdftex.def)             Requested size: 408.0pt x 408.00865pt.
[21] [22 <./figures/map.up.2019.clusters.png (PNG copy)>]
Overfull \hbox (62.57643pt too wide) in paragraph at lines 1180--1204
 [][] 
 []

[23] (broadband.speed.covid_anonymised.bbl
Underfull \hbox (badness 1057) in paragraph at lines 17--20
[]\OT1/cmr/m/n/10 Aghabozorgi, Saeed, Ali Seyed Shirkhor-shidi, and Teh Ying Wa
h. 2015. ``Time-series
 []


Underfull \hbox (badness 1596) in paragraph at lines 107--109
[]\OT1/cmr/m/n/10 Eurofound. 2020. ``Liv-ing, work-ing and COVID-19.'' \OT1/cmr
/m/it/10 COVID-19 se-ries []$\OT1/cmtt/m/n/10 https : / / www .
 []

[24]
Underfull \hbox (badness 10000) in paragraph at lines 136--138
[]\OT1/cmr/m/n/10 GOV.UK. 2020. ``News and Com-mu-ni-ca-tions.'' []$\OT1/cmtt/m
/n/10 https : / / www .
 []


Underfull \hbox (badness 10000) in paragraph at lines 136--138
\OT1/cmtt/m/n/10 gov . uk / search / news-[]and-[]communications ? level _ one 
_ taxon =
 []

[25]
Underfull \hbox (badness 10000) in paragraph at lines 255--258
\OT1/cmtt/m/n/10 org . uk / _ _ data / assets / pdf _ file / 0015 / 100761 / UK
-[]home-[]broadband-[]performance ,[]
 []


Underfull \hbox (badness 10000) in paragraph at lines 260--262
\OT1/cmtt/m/n/10 gov . uk / employmentandlabourmarket / peopleinwork / employme
ntandemployeetypes /
 []


Underfull \hbox (badness 10000) in paragraph at lines 264--267
[]\OT1/cmr/m/n/10 ONS. 2020b. ``Coro-n-avirus and Home-work-ing in the UK Labou
r Mar-ket:
 []


Underfull \hbox (badness 10000) in paragraph at lines 264--267
\OT1/cmr/m/n/10 2019.'' []$\OT1/cmtt/m/n/10 https : / / www . ons . gov . uk / 
employmentandlabourmarket / peopleinwork /
 []


Overfull \hbox (28.19632pt too wide) in paragraph at lines 264--267
\OT1/cmtt/m/n/10 employmentandemployeetypes / articles / coronavirusandhomework
ingintheuklabourmarket /
 []

[26]
Underfull \hbox (badness 1430) in paragraph at lines 360--363
[]\OT1/cmr/m/n/10 Warren Liao, T. 2005. ``Clus-ter-ing of time se-ries data|a s
ur-vey.'' \OT1/cmr/m/it/10 Pat-tern Recog-ni-
 []


Underfull \hbox (badness 1303) in paragraph at lines 360--363
\OT1/cmr/m/it/10 tion \OT1/cmr/m/n/10 38 (11): 1857 -- 1874. []$\OT1/cmtt/m/n/1
0 http : / / www . sciencedirect . com / science / article / pii /
 []

)
Package atveryend Info: Empty hook `BeforeClearDocument' on input line 1214.
[27]
Package atveryend Info: Empty hook `AfterLastShipout' on input line 1214.
(broadband.speed.covid_anonymised.aux)
Package atveryend Info: Executing hook `AtVeryEndDocument' on input line 1214.
Package atveryend Info: Executing hook `AtEndAfterFileList' on input line 1214.

Package rerunfilecheck Info: File `broadband.speed.covid_anonymised.out' has no
t changed.
(rerunfilecheck)             Checksum: B3BDBDB9681ACAA8A552E4442FCC2525;880.

LaTeX Font Warning: Size substitutions with differences
(Font)              up to 1.0pt have occurred.


LaTeX Warning: There were multiply-defined labels.

Package atveryend Info: Empty hook `AtVeryVeryEnd' on input line 1214.
 ) 
Here is how much of TeX's memory you used:
 8310 strings out of 481181
 125899 string characters out of 2903886
 420075 words of memory out of 3000000
 23592 multiletter control sequences out of 15000+200000
 546800 words of font info for 75 fonts, out of 3000000 for 9000
 1141 hyphenation exceptions out of 8191
 52i,13n,41p,276b,550s stack positions out of 5000i,500n,10000p,200000b,50000s
<C:/Users/nw19521/AppData/Local/Programs/MiKTeX/fonts/type1/public/amsfonts/c
m/cmbx10.pfb><C:/Users/nw19521/AppData/Local/Programs/MiKTeX/fonts/type1/public
/amsfonts/cm/cmbx12.pfb><C:/Users/nw19521/AppData/Local/Programs/MiKTeX/fonts/t
ype1/public/amsfonts/cm/cmbx8.pfb><C:/Users/nw19521/AppData/Local/Programs/MiKT
eX/fonts/type1/public/amsfonts/cm/cmbx9.pfb><C:/Users/nw19521/AppData/Local/Pro
grams/MiKTeX/fonts/type1/public/amsfonts/cm/cmbxti10.pfb><C:/Users/nw19521/AppD
ata/Local/Programs/MiKTeX/fonts/type1/public/amsfonts/cm/cmex10.pfb><C:/Users/n
w19521/AppData/Local/Programs/MiKTeX/fonts/type1/public/amsfonts/cm/cmmi10.pfb>
<C:/Users/nw19521/AppData/Local/Programs/MiKTeX/fonts/type1/public/amsfonts/cm/
cmmi5.pfb><C:/Users/nw19521/AppData/Local/Programs/MiKTeX/fonts/type1/public/am
sfonts/cm/cmmi6.pfb><C:/Users/nw19521/AppData/Local/Programs/MiKTeX/fonts/type1
/public/amsfonts/cm/cmmi7.pfb><C:/Users/nw19521/AppData/Local/Programs/MiKTeX/f
onts/type1/public/amsfonts/cm/cmmi8.pfb><C:/Users/nw19521/AppData/Local/Program
s/MiKTeX/fonts/type1/public/amsfonts/cm/cmr10.pfb><C:/Users/nw19521/AppData/Loc
al/Programs/MiKTeX/fonts/type1/public/amsfonts/cm/cmr6.pfb><C:/Users/nw19521/Ap
pData/Local/Programs/MiKTeX/fonts/type1/public/amsfonts/cm/cmr8.pfb><C:/Users/n
w19521/AppData/Local/Programs/MiKTeX/fonts/type1/public/amsfonts/cm/cmr9.pfb><C
:/Users/nw19521/AppData/Local/Programs/MiKTeX/fonts/type1/public/amsfonts/cm/cm
sy10.pfb><C:/Users/nw19521/AppData/Local/Programs/MiKTeX/fonts/type1/public/ams
fonts/cm/cmsy5.pfb><C:/Users/nw19521/AppData/Local/Programs/MiKTeX/fonts/type1/
public/amsfonts/cm/cmsy6.pfb><C:/Users/nw19521/AppData/Local/Programs/MiKTeX/fo
nts/type1/public/amsfonts/cm/cmti10.pfb><C:/Users/nw19521/AppData/Local/Program
s/MiKTeX/fonts/type1/public/amsfonts/cm/cmti7.pfb><C:/Users/nw19521/AppData/Loc
al/Programs/MiKTeX/fonts/type1/public/amsfonts/cm/cmti9.pfb><C:/Users/nw19521/A
ppData/Local/Programs/MiKTeX/fonts/type1/public/amsfonts/cm/cmtt10.pfb><C:/User
s/nw19521/AppData/Local/Programs/MiKTeX/fonts/type1/public/amsfonts/cm/cmtt8.pf
b><C:/Users/nw19521/AppData/Local/Programs/MiKTeX/fonts/type1/public/amsfonts/s
ymbols/msbm10.pfb>
Output written on broadband.speed.covid_anonymised.pdf (27 pages, 799639 bytes)
.
PDF statistics:
 687 PDF objects out of 1000 (max. 8388607)
 144 named destinations out of 1000 (max. 500000)
 138 words of extra memory for PDF output out of 10000 (max. 10000000)

