This is pdfTeX, Version 3.14159265-2.6-1.40.20 (MiKTeX 2.9.7250 64-bit) (preloaded format=pdflatex 2020.8.26)  21 DEC 2020 11:43
entering extended mode
**./broadband.speed.covid.tex
(broadband.speed.covid.tex
LaTeX2e <2020-02-02> patch level 5
L3 programming layer <2020-08-07>

! LaTeX Error: File `sagej.cls' not found.

Type X to quit or <RETURN> to proceed,
or enter new name. (Default extension: cls)

Enter file name: 
! Emergency stop.
<read *> 
         
l.2 
      
Here is how much of TeX's memory you used:
 24 strings out of 481181
 652 string characters out of 2903886
 242184 words of memory out of 3000000
 15728 multiletter control sequences out of 15000+200000
 535088 words of font info for 29 fonts, out of 3000000 for 9000
 1141 hyphenation exceptions out of 8191
 20i,0n,25p,83b,10s stack positions out of 5000i,500n,10000p,200000b,50000s

!  ==> Fatal error occurred, no output PDF file produced!
