This is pdfTeX, Version 3.14159265-2.6-1.40.20 (MiKTeX 2.9.7250 64-bit) (preloaded format=pdflatex 2020.8.26)  29 DEC 2020 17:44
entering extended mode
**./broadband.speed.covid.tex
(broadband.speed.covid.tex
LaTeX2e <2020-02-02> patch level 5
L3 programming layer <2020-08-07> (sagej.cls
Document Class: sagej 2017/01/17 v1.20\ sagej.cls
(C:\Users\nw19521\AppData\Local\Programs\MiKTeX\tex/latex\base\article.cls
Document Class: article 2019/12/20 v1.4l Standard LaTeX document class
(C:\Users\nw19521\AppData\Local\Programs\MiKTeX\tex/latex\base\size10.clo
File: size10.clo 2019/12/20 v1.4l Standard LaTeX file (size option)
)
\c@part=\count168
\c@section=\count169
\c@subsection=\count170
\c@subsubsection=\count171
\c@paragraph=\count172
\c@subparagraph=\count173
\c@figure=\count174
\c@table=\count175
\abovecaptionskip=\skip47
\belowcaptionskip=\skip48
\bibindent=\dimen134
) ("C:\Program Files\MiKTeX 2.9\tex/latex/psnfss\times.sty"
Package: times 2005/04/12 PSNFSS-v9.2a (SPQR) 
) ("C:\Program Files\MiKTeX 2.9\tex/latex/psnfss\helvet.sty"
Package: helvet 2005/04/12 PSNFSS-v9.2a (WaS) 
(C:\Users\nw19521\AppData\Local\Programs\MiKTeX\tex/latex\graphics\keyval.sty
Package: keyval 2014/10/28 v1.15 key=value parser (DPC)
\KV@toks@=\toks15
))
(C:\Users\nw19521\AppData\Local\Programs\MiKTeX\tex/latex\graphics\graphicx.sty
Package: graphicx 2019/11/30 v1.2a Enhanced LaTeX Graphics (DPC,SPQR)

(C:\Users\nw19521\AppData\Local\Programs\MiKTeX\tex/latex\graphics\graphics.sty
Package: graphics 2019/11/30 v1.4a Standard LaTeX Graphics (DPC,SPQR)
(C:\Users\nw19521\AppData\Local\Programs\MiKTeX\tex/latex\graphics\trig.sty
Package: trig 2016/01/03 v1.10 sin cos tan (DPC)
)
(C:\Users\nw19521\AppData\Local\Programs\MiKTeX\tex/latex\graphics-cfg\graphics
.cfg
File: graphics.cfg 2016/06/04 v1.11 sample graphics configuration
)
Package graphics Info: Driver file: pdftex.def on input line 105.

(C:\Users\nw19521\AppData\Local\Programs\MiKTeX\tex/latex\graphics-def\pdftex.d
ef
File: pdftex.def 2018/01/08 v1.0l Graphics/color driver for pdftex
))
\Gin@req@height=\dimen135
\Gin@req@width=\dimen136
) (C:\Users\nw19521\AppData\Local\Programs\MiKTeX\tex/latex\base\latexsym.sty
Package: latexsym 1998/08/17 v2.2e Standard LaTeX package (lasy symbols)
\symlasy=\mathgroup4
LaTeX Font Info:    Overwriting symbol font `lasy' in version `bold'
(Font)                  U/lasy/m/n --> U/lasy/b/n on input line 52.
) (C:\Users\nw19521\AppData\Local\Programs\MiKTeX\tex/latex\base\ifthen.sty
Package: ifthen 2014/09/29 v1.1c Standard LaTeX ifthen package (DPC)
)
(C:\Users\nw19521\AppData\Local\Programs\MiKTeX\tex/latex\graphics\rotating.sty
Package: rotating 2016/08/11 v2.16d rotated objects in LaTeX
\c@r@tfl@t=\count176
\rotFPtop=\skip49
\rotFPbot=\skip50
\rot@float@box=\box45
\rot@mess@toks=\toks16
) (C:\Users\nw19521\AppData\Local\Programs\MiKTeX\tex/latex\tools\calc.sty
Package: calc 2017/05/25 v4.3 Infix arithmetic (KKT,FJ)
\calc@Acount=\count177
\calc@Bcount=\count178
\calc@Adimen=\dimen137
\calc@Bdimen=\dimen138
\calc@Askip=\skip51
\calc@Bskip=\skip52
LaTeX Info: Redefining \setlength on input line 80.
LaTeX Info: Redefining \addtolength on input line 81.
\calc@Ccount=\count179
\calc@Cskip=\skip53
) ("C:\Program Files\MiKTeX 2.9\tex/latex/textcase\textcase.sty"
Package: textcase 2019/09/14 v1.00 Text only upper/lower case changing (DPC)
)
(C:\Users\nw19521\AppData\Local\Programs\MiKTeX\tex/latex\booktabs\booktabs.sty
Package: booktabs 2020/01/12 v1.61803398 Publication quality tables
\heavyrulewidth=\dimen139
\lightrulewidth=\dimen140
\cmidrulewidth=\dimen141
\belowrulesep=\dimen142
\belowbottomsep=\dimen143
\aboverulesep=\dimen144
\abovetopsep=\dimen145
\cmidrulesep=\dimen146
\cmidrulekern=\dimen147
\defaultaddspace=\dimen148
\@cmidla=\count180
\@cmidlb=\count181
\@aboverulesep=\dimen149
\@belowrulesep=\dimen150
\@thisruleclass=\count182
\@lastruleclass=\count183
\@thisrulewidth=\dimen151
) (C:\Users\nw19521\AppData\Local\Programs\MiKTeX\tex/latex\graphics\color.sty
Package: color 2019/11/23 v1.2a Standard LaTeX Color (DPC)

(C:\Users\nw19521\AppData\Local\Programs\MiKTeX\tex/latex\graphics-cfg\color.cf
g
File: color.cfg 2016/01/02 v1.6 sample color configuration
)
Package color Info: Driver file: pdftex.def on input line 147.
) ("C:\Program Files\MiKTeX 2.9\tex/latex/endnotes\endnotes.sty"
\c@endnote=\count184
\endnotesep=\dimen152
\@enotes=\write3
)
(C:\Users\nw19521\AppData\Local\Programs\MiKTeX\tex/latex\amsfonts\amsfonts.sty
Package: amsfonts 2013/01/14 v3.01 Basic AMSFonts support
\@emptytoks=\toks17
\symAMSa=\mathgroup5
\symAMSb=\mathgroup6
LaTeX Font Info:    Redeclaring math symbol \hbar on input line 98.
LaTeX Font Info:    Overwriting math alphabet `\mathfrak' in version `bold'
(Font)                  U/euf/m/n --> U/euf/b/n on input line 106.
) (C:\Users\nw19521\AppData\Local\Programs\MiKTeX\tex/latex\amsfonts\amssymb.st
y
Package: amssymb 2013/01/14 v3.01 AMS font symbols
) (C:\Users\nw19521\AppData\Local\Programs\MiKTeX\tex/latex\amsmath\amsbsy.sty
Package: amsbsy 1999/11/29 v1.2d Bold Symbols
(C:\Users\nw19521\AppData\Local\Programs\MiKTeX\tex/latex\amsmath\amsgen.sty
File: amsgen.sty 1999/11/30 v2.0 generic functions
\@emptytoks=\toks18
\ex@=\dimen153
)
\pmbraise@=\dimen154
) (C:\Users\nw19521\AppData\Local\Programs\MiKTeX\tex/latex\amsmath\amsmath.sty
Package: amsmath 2020/01/20 v2.17e AMS math features
\@mathmargin=\skip54
For additional information on amsmath, use the `?' option.
(C:\Users\nw19521\AppData\Local\Programs\MiKTeX\tex/latex\amsmath\amstext.sty
Package: amstext 2000/06/29 v2.01 AMS text
) (C:\Users\nw19521\AppData\Local\Programs\MiKTeX\tex/latex\amsmath\amsopn.sty
Package: amsopn 2016/03/08 v2.02 operator names
)
\inf@bad=\count185
LaTeX Info: Redefining \frac on input line 227.
\uproot@=\count186
\leftroot@=\count187
LaTeX Info: Redefining \overline on input line 389.
\classnum@=\count188
\DOTSCASE@=\count189
LaTeX Info: Redefining \ldots on input line 486.
LaTeX Info: Redefining \dots on input line 489.
LaTeX Info: Redefining \cdots on input line 610.
\Mathstrutbox@=\box46
\strutbox@=\box47
\big@size=\dimen155
LaTeX Font Info:    Redeclaring font encoding OML on input line 733.
LaTeX Font Info:    Redeclaring font encoding OMS on input line 734.
\macc@depth=\count190
\c@MaxMatrixCols=\count191
\dotsspace@=\muskip16
\c@parentequation=\count192
\dspbrk@lvl=\count193
\tag@help=\toks19
\row@=\count194
\column@=\count195
\maxfields@=\count196
\andhelp@=\toks20
\eqnshift@=\dimen156
\alignsep@=\dimen157
\tagshift@=\dimen158
\tagwidth@=\dimen159
\totwidth@=\dimen160
\lineht@=\dimen161
\@envbody=\toks21
\multlinegap=\skip55
\multlinetaggap=\skip56
\mathdisplay@stack=\toks22
LaTeX Info: Redefining \[ on input line 2859.
LaTeX Info: Redefining \] on input line 2860.
) (C:\Users\nw19521\AppData\Local\Programs\MiKTeX\tex/latex\amscls\amsthm.sty
Package: amsthm 2020/05/29 v2.20.6
\thm@style=\toks23
\thm@bodyfont=\toks24
\thm@headfont=\toks25
\thm@notefont=\toks26
\thm@headpunct=\toks27
\thm@preskip=\skip57
\thm@postskip=\skip58
\thm@headsep=\skip59
\dth@everypar=\toks28
) (C:\Users\nw19521\AppData\Local\Programs\MiKTeX\tex/latex\base\tracefnt.sty
Package: tracefnt 2019/10/11 v3.0l Standard LaTeX package (font tracing)
\tracingfonts=\count197
LaTeX Info: Redefining \selectfont on input line 106.
)
(C:\Users\nw19521\AppData\Local\Programs\MiKTeX\tex/latex\geometry\geometry.sty
Package: geometry 2020/01/02 v5.9 Page Geometry
(C:\Users\nw19521\AppData\Local\Programs\MiKTeX\tex/generic\iftex\ifvtex.sty
Package: ifvtex 2019/10/25 v1.7 ifvtex legacy package. Use iftex instead.
(C:\Users\nw19521\AppData\Local\Programs\MiKTeX\tex/generic\iftex\iftex.sty
Package: iftex 2020/03/06 v1.0d TeX engine tests
))
\Gm@cnth=\count198
\Gm@cntv=\count199
\c@Gm@tempcnt=\count266
\Gm@bindingoffset=\dimen162
\Gm@wd@mp=\dimen163
\Gm@odd@mp=\dimen164
\Gm@even@mp=\dimen165
\Gm@layoutwidth=\dimen166
\Gm@layoutheight=\dimen167
\Gm@layouthoffset=\dimen168
\Gm@layoutvoffset=\dimen169
\Gm@dimlist=\toks29

(C:\Users\nw19521\AppData\Local\Programs\MiKTeX\tex/latex\geometry\geometry.cfg
))
\absbox=\box48
\@bls=\dimen170
(C:\Users\nw19521\AppData\Local\Programs\MiKTeX\tex/latex\caption\caption.sty
Package: caption 2020/10/26 v3.5g Customizing captions (AR)
(C:\Users\nw19521\AppData\Local\Programs\MiKTeX\tex/latex\caption\caption3.sty
Package: caption3 2020/10/21 v2.2e caption3 kernel (AR)
\captionmargin=\dimen171
\captionmargin@=\dimen172
\captionwidth=\dimen173
\caption@tempdima=\dimen174
\caption@indent=\dimen175
\caption@parindent=\dimen176
\caption@hangindent=\dimen177
Package caption Info: Standard document class detected.
)
\c@caption@flags=\count267
\c@continuedfloat=\count268
Package caption Info: rotating package is loaded.
) (C:\Users\nw19521\AppData\Local\Programs\MiKTeX\tex/latex\natbib\natbib.sty
Package: natbib 2010/09/13 8.31b (PWD, AO)
\bibhang=\skip60
\bibsep=\skip61
LaTeX Info: Redefining \cite on input line 694.
\c@NAT@ctr=\count269
)) ("C:\Program Files\MiKTeX 2.9\tex/latex/moreverb\moreverb.sty"
Package: moreverb 2008/06/03 v2.3a `more' verbatim facilities
(C:\Users\nw19521\AppData\Local\Programs\MiKTeX\tex/latex\tools\verbatim.sty
Package: verbatim 2019/11/10 v1.5r LaTeX2e package for verbatim enhancements
\every@verbatim=\toks30
\verbatim@line=\toks31
\verbatim@in@stream=\read2
)
\tab@position=\count270
\tab@size=\count271
\listing@line=\count272
) (C:\Users\nw19521\AppData\Local\Programs\MiKTeX\tex/latex\url\url.sty
\Urlmuskip=\muskip17
Package: url 2013/09/16  ver 3.4  Verb mode for urls, etc.
)
(C:\Users\nw19521\AppData\Local\Programs\MiKTeX\tex/latex\multirow\multirow.sty
Package: multirow 2019/05/31 v2.5 Span multiple rows of a table
\multirow@colwidth=\skip62
\multirow@cntb=\count273
\multirow@dima=\skip63
\bigstrutjot=\dimen178
) (C:\Users\nw19521\AppData\Local\Programs\MiKTeX\tex/latex\tools\tabularx.sty
Package: tabularx 2020/01/15 v2.11c `tabularx' package (DPC)
(C:\Users\nw19521\AppData\Local\Programs\MiKTeX\tex/latex\tools\array.sty
Package: array 2019/08/31 v2.4l Tabular extension package (FMi)
\col@sep=\dimen179
\ar@mcellbox=\box49
\extrarowheight=\dimen180
\NC@list=\toks32
\extratabsurround=\skip64
\backup@length=\skip65
\ar@cellbox=\box50
)
\TX@col@width=\dimen181
\TX@old@table=\dimen182
\TX@old@col=\dimen183
\TX@target=\dimen184
\TX@delta=\dimen185
\TX@cols=\count274
\TX@ftn=\toks33
)
(C:\Users\nw19521\AppData\Local\Programs\MiKTeX\tex/latex\hyperref\hyperref.sty
Package: hyperref 2020-05-15 v7.00e Hypertext links for LaTeX

(C:\Users\nw19521\AppData\Local\Programs\MiKTeX\tex/generic\ltxcmds\ltxcmds.sty
Package: ltxcmds 2020-05-10 v1.25 LaTeX kernel commands for general use (HO)
)
(C:\Users\nw19521\AppData\Local\Programs\MiKTeX\tex/generic\pdftexcmds\pdftexcm
ds.sty
Package: pdftexcmds 2020-06-27 v0.33 Utility functions of pdfTeX for LuaTeX (HO
)

(C:\Users\nw19521\AppData\Local\Programs\MiKTeX\tex/generic\infwarerr\infwarerr
.sty
Package: infwarerr 2019/12/03 v1.5 Providing info/warning/error messages (HO)
)
Package pdftexcmds Info: \pdf@primitive is available.
Package pdftexcmds Info: \pdf@ifprimitive is available.
Package pdftexcmds Info: \pdfdraftmode found.
)
(C:\Users\nw19521\AppData\Local\Programs\MiKTeX\tex/generic\kvsetkeys\kvsetkeys
.sty
Package: kvsetkeys 2019/12/15 v1.18 Key value parser (HO)
)
(C:\Users\nw19521\AppData\Local\Programs\MiKTeX\tex/generic\kvdefinekeys\kvdefi
nekeys.sty
Package: kvdefinekeys 2019-12-19 v1.6 Define keys (HO)
)
(C:\Users\nw19521\AppData\Local\Programs\MiKTeX\tex/generic\pdfescape\pdfescape
.sty
Package: pdfescape 2019/12/09 v1.15 Implements pdfTeX's escape features (HO)
) (C:\Users\nw19521\AppData\Local\Programs\MiKTeX\tex/latex\hycolor\hycolor.sty
Package: hycolor 2020-01-27 v1.10 Color options for hyperref/bookmark (HO)
)
(C:\Users\nw19521\AppData\Local\Programs\MiKTeX\tex/latex\letltxmacro\letltxmac
ro.sty
Package: letltxmacro 2019/12/03 v1.6 Let assignment for LaTeX macros (HO)
) (C:\Users\nw19521\AppData\Local\Programs\MiKTeX\tex/latex\auxhook\auxhook.sty
Package: auxhook 2019-12-17 v1.6 Hooks for auxiliary files (HO)
)
(C:\Users\nw19521\AppData\Local\Programs\MiKTeX\tex/latex\kvoptions\kvoptions.s
ty
Package: kvoptions 2019/11/29 v3.13 Key value format for package options (HO)
)
\@linkdim=\dimen186
\Hy@linkcounter=\count275
\Hy@pagecounter=\count276
(C:\Users\nw19521\AppData\Local\Programs\MiKTeX\tex/latex\hyperref\pd1enc.def
File: pd1enc.def 2020-05-15 v7.00e Hyperref: PDFDocEncoding definition (HO)
Now handling font encoding PD1 ...
... no UTF-8 mapping file for font encoding PD1
)
(C:\Users\nw19521\AppData\Local\Programs\MiKTeX\tex/generic\intcalc\intcalc.sty
Package: intcalc 2019/12/15 v1.3 Expandable calculations with integers (HO)
)
(C:\Users\nw19521\AppData\Local\Programs\MiKTeX\tex/generic\etexcmds\etexcmds.s
ty
Package: etexcmds 2019/12/15 v1.7 Avoid name clashes with e-TeX commands (HO)
)
\Hy@SavedSpaceFactor=\count277
\pdfmajorversion=\count278
("C:\Program Files\MiKTeX 2.9\tex/latex/00miktex\hyperref.cfg"
File: hyperref.cfg 2002/06/06 v1.2 hyperref configuration of TeXLive
)
Package hyperref Info: Option `colorlinks' set `true' on input line 4338.
Package hyperref Info: Option `bookmarksopen' set `true' on input line 4338.
Package hyperref Info: Option `bookmarksnumbered' set `true' on input line 4338
.
Package hyperref Info: Hyper figures OFF on input line 4464.
Package hyperref Info: Link nesting OFF on input line 4469.
Package hyperref Info: Hyper index ON on input line 4472.
Package hyperref Info: Plain pages OFF on input line 4479.
Package hyperref Info: Backreferencing OFF on input line 4484.
Package hyperref Info: Implicit mode ON; LaTeX internals redefined.
Package hyperref Info: Bookmarks ON on input line 4717.
\c@Hy@tempcnt=\count279
LaTeX Info: Redefining \url on input line 5076.
\XeTeXLinkMargin=\dimen187
(C:\Users\nw19521\AppData\Local\Programs\MiKTeX\tex/generic\bitset\bitset.sty
Package: bitset 2019/12/09 v1.3 Handle bit-vector datatype (HO)

(C:\Users\nw19521\AppData\Local\Programs\MiKTeX\tex/generic\bigintcalc\bigintca
lc.sty
Package: bigintcalc 2019/12/15 v1.5 Expandable calculations on big integers (HO
)
))
\Fld@menulength=\count280
\Field@Width=\dimen188
\Fld@charsize=\dimen189
Package hyperref Info: Hyper figures OFF on input line 6347.
Package hyperref Info: Link nesting OFF on input line 6352.
Package hyperref Info: Hyper index ON on input line 6355.
Package hyperref Info: backreferencing OFF on input line 6362.
Package hyperref Info: Link coloring ON on input line 6365.
Package hyperref Info: Link coloring with OCG OFF on input line 6372.
Package hyperref Info: PDF/A mode OFF on input line 6377.
LaTeX Info: Redefining \ref on input line 6417.
LaTeX Info: Redefining \pageref on input line 6421.

(C:\Users\nw19521\AppData\Local\Programs\MiKTeX\tex/generic\atbegshi\atbegshi.s
ty
Package: atbegshi 2019/12/05 v1.19 At begin shipout hook (HO)
)
\Hy@abspage=\count281
\c@Item=\count282
\c@Hfootnote=\count283
)
Package hyperref Info: Driver (autodetected): hpdftex.
(C:\Users\nw19521\AppData\Local\Programs\MiKTeX\tex/latex\hyperref\hpdftex.def
File: hpdftex.def 2020-05-15 v7.00e Hyperref driver for pdfTeX

(C:\Users\nw19521\AppData\Local\Programs\MiKTeX\tex/latex\atveryend\atveryend.s
ty
Package: atveryend 2019-12-11 v1.11 Hooks at the very end of document (HO)
Package atveryend Info: \enddocument detected (standard20110627).
)
\Fld@listcount=\count284
\c@bookmark@seq@number=\count285

(C:\Users\nw19521\AppData\Local\Programs\MiKTeX\tex/latex\rerunfilecheck\rerunf
ilecheck.sty
Package: rerunfilecheck 2019/12/05 v1.9 Rerun checks for auxiliary files (HO)

(C:\Users\nw19521\AppData\Local\Programs\MiKTeX\tex/generic\uniquecounter\uniqu
ecounter.sty
Package: uniquecounter 2019/12/15 v1.4 Provide unlimited unique counter (HO)
)
Package uniquecounter Info: New unique counter `rerunfilecheck' on input line 2
86.
)
\Hy@SectionHShift=\skip66
) (C:\Users\nw19521\AppData\Local\Programs\MiKTeX\tex/latex\base\inputenc.sty
Package: inputenc 2018/08/11 v1.3c Input encoding file
\inpenc@prehook=\toks34
\inpenc@posthook=\toks35
) (C:\Users\nw19521\AppData\Local\Programs\MiKTeX\tex/latex\tools\dcolumn.sty
Package: dcolumn 2014/10/28 v1.06 decimal alignment package (DPC)
)
(C:\Users\nw19521\AppData\Local\Programs\MiKTeX\tex/latex\l3backend\l3backend-p
dfmode.def
File: l3backend-pdfmode.def 2020-08-07 L3 backend support: PDF mode
\l__kernel_color_stack_int=\count286
\l__pdf_internal_box=\box51
) (broadband.speed.covid.aux

LaTeX Warning: Label `' multiply defined.


LaTeX Warning: Label `' multiply defined.

)
\openout1 = `broadband.speed.covid.aux'.

LaTeX Font Info:    Checking defaults for OML/cmm/m/it on input line 15.
LaTeX Font Info:    ... okay on input line 15.
LaTeX Font Info:    Checking defaults for OMS/cmsy/m/n on input line 15.
LaTeX Font Info:    ... okay on input line 15.
LaTeX Font Info:    Checking defaults for OT1/cmr/m/n on input line 15.
LaTeX Font Info:    ... okay on input line 15.
LaTeX Font Info:    Checking defaults for T1/cmr/m/n on input line 15.
LaTeX Font Info:    ... okay on input line 15.
LaTeX Font Info:    Checking defaults for TS1/cmr/m/n on input line 15.
LaTeX Font Info:    ... okay on input line 15.
LaTeX Font Info:    Checking defaults for OMX/cmex/m/n on input line 15.
LaTeX Font Info:    ... okay on input line 15.
LaTeX Font Info:    Checking defaults for U/cmr/m/n on input line 15.
LaTeX Font Info:    ... okay on input line 15.
LaTeX Font Info:    Checking defaults for PD1/pdf/m/n on input line 15.
LaTeX Font Info:    ... okay on input line 15.
LaTeX Font Info:    Trying to load font information for OT1+ptm on input line 1
5.
("C:\Program Files\MiKTeX 2.9\tex/latex/psnfss\ot1ptm.fd"
File: ot1ptm.fd 2001/06/04 font definitions for OT1/ptm.
)
(C:\Users\nw19521\AppData\Local\Programs\MiKTeX\tex\context\base\mkii\supp-pdf.
mkii
[Loading MPS to PDF converter (version 2006.09.02).]
\scratchcounter=\count287
\scratchdimen=\dimen190
\scratchbox=\box52
\nofMPsegments=\count288
\nofMParguments=\count289
\everyMPshowfont=\toks36
\MPscratchCnt=\count290
\MPscratchDim=\dimen191
\MPnumerator=\count291
\makeMPintoPDFobject=\count292
\everyMPtoPDFconversion=\toks37
)
(C:\Users\nw19521\AppData\Local\Programs\MiKTeX\tex/latex\epstopdf-pkg\epstopdf
-base.sty
Package: epstopdf-base 2020-01-24 v2.11 Base part for package epstopdf
Package epstopdf-base Info: Redefining graphics rule for `.eps' on input line 4
85.
)
*geometry* driver: auto-detecting
*geometry* detected driver: pdftex
*geometry* verbose mode - [ preamble ] result:
* driver: pdftex
* paper: custom
* layout: <same size as paper>
* layoutoffset:(h,v)=(0.0pt,0.0pt)
* hratio: 1:1
* vratio: 1:1
* modes: twoside asymmetric 
* h-part:(L,W,R)=(45.52441pt, 352.81416pt, 45.52441pt)
* v-part:(T,H,B)=(69.70924pt, 526.37598pt, 69.70926pt)
* \paperwidth=443.86299pt
* \paperheight=665.79448pt
* \textwidth=352.81416pt
* \textheight=526.37598pt
* \oddsidemargin=-26.74557pt
* \evensidemargin=-26.74557pt
* \topmargin=-35.56075pt
* \headheight=12.0pt
* \headsep=21.0pt
* \topskip=10.0pt
* \footskip=30.0pt
* \marginparwidth=65.0pt
* \marginparsep=11.0pt
* \columnsep=12.0pt
* \skip\footins=20.0pt plus 8.0pt
* \hoffset=0.0pt
* \voffset=0.0pt
* \mag=1000
* \@twocolumnfalse
* \@twosidetrue
* \@mparswitchfalse
* \@reversemarginfalse
* (1in=72.27pt=25.4mm, 1cm=28.453pt)

Package caption Info: Begin \AtBeginDocument code.
Package caption Info: hyperref package is loaded.
Package caption Info: End \AtBeginDocument code.
\AtBeginShipoutBox=\box53
Package hyperref Info: Link coloring ON on input line 15.
(C:\Users\nw19521\AppData\Local\Programs\MiKTeX\tex/latex\hyperref\nameref.sty
Package: nameref 2019/09/16 v2.46 Cross-referencing by name of section

(C:\Users\nw19521\AppData\Local\Programs\MiKTeX\tex/latex\refcount\refcount.sty
Package: refcount 2019/12/15 v3.6 Data extraction from label references (HO)
)
(C:\Users\nw19521\AppData\Local\Programs\MiKTeX\tex/generic\gettitlestring\gett
itlestring.sty
Package: gettitlestring 2019/12/15 v1.6 Cleanup title references (HO)
)
\c@section@level=\count293
)
LaTeX Info: Redefining \ref on input line 15.
LaTeX Info: Redefining \pageref on input line 15.
LaTeX Info: Redefining \nameref on input line 15.
(broadband.speed.covid.out) (broadband.speed.covid.out)
\@outlinefile=\write4
\openout4 = `broadband.speed.covid.out'.

LaTeX Font Info:    Trying to load font information for OT1+phv on input line 3
0.
("C:\Program Files\MiKTeX 2.9\tex/latex/psnfss\ot1phv.fd"
File: ot1phv.fd 2001/06/04 scalable font definitions for OT1/phv.

LaTeX Warning: Font shape declaration has incorrect series value `mc'.
               It should not contain an `m'! Please correct it.
               Found on input line 21.


LaTeX Warning: Font shape declaration has incorrect series value `mc'.
               It should not contain an `m'! Please correct it.
               Found on input line 24.


LaTeX Warning: Font shape declaration has incorrect series value `mc'.
               It should not contain an `m'! Please correct it.
               Found on input line 27.


LaTeX Warning: Font shape declaration has incorrect series value `mc'.
               It should not contain an `m'! Please correct it.
               Found on input line 47.

)
LaTeX Font Info:    Font shape `OT1/phv/m/n' will be
(Font)              scaled to size 9.49997pt on input line 30.
LaTeX Font Info:    Font shape `OT1/phv/m/n' will be
(Font)              scaled to size 11.39996pt on input line 30.
LaTeX Font Info:    Font shape `OT1/phv/b/n' will be
(Font)              scaled to size 11.39996pt on input line 30.
LaTeX Font Info:    Font shape `OT1/phv/b/n' will be
(Font)              scaled to size 9.49997pt on input line 30.
LaTeX Font Info:    Font shape `OT1/phv/m/it' in size <10> not available
(Font)              Font shape `OT1/phv/m/sl' tried instead on input line 34.
LaTeX Font Info:    Font shape `OT1/phv/m/sl' will be
(Font)              scaled to size 9.49997pt on input line 34.
LaTeX Font Info:    Trying to load font information for U+lasy on input line 53
.
(C:\Users\nw19521\AppData\Local\Programs\MiKTeX\tex/latex\base\ulasy.fd
File: ulasy.fd 1998/08/17 v2.2e LaTeX symbol font definitions
)
LaTeX Font Info:    Trying to load font information for U+msa on input line 53.

(C:\Users\nw19521\AppData\Local\Programs\MiKTeX\tex/latex\amsfonts\umsa.fd
File: umsa.fd 2013/01/14 v3.01 AMS symbols A
)
LaTeX Font Info:    Trying to load font information for U+msb on input line 53.

(C:\Users\nw19521\AppData\Local\Programs\MiKTeX\tex/latex\amsfonts\umsb.fd
File: umsb.fd 2013/01/14 v3.01 AMS symbols B
)
LaTeX Font Info:    Font shape `OT1/phv/m/n' will be
(Font)              scaled to size 17.09995pt on input line 59.
LaTeX Font Info:    Font shape `OT1/phv/b/n' will be
(Font)              scaled to size 17.09995pt on input line 59.
LaTeX Font Info:    Font shape `OT1/phv/m/n' will be
(Font)              scaled to size 6.64998pt on input line 59.
LaTeX Font Info:    Trying to load font information for TS1+phv on input line 5
9.
("C:\Program Files\MiKTeX 2.9\tex/latex/psnfss\ts1phv.fd"
File: ts1phv.fd 2001/06/04 scalable font definitions for TS1/phv.

LaTeX Warning: Font shape declaration has incorrect series value `mc'.
               It should not contain an `m'! Please correct it.
               Found on input line 17.


LaTeX Warning: Font shape declaration has incorrect series value `mc'.
               It should not contain an `m'! Please correct it.
               Found on input line 20.


LaTeX Warning: Font shape declaration has incorrect series value `mc'.
               It should not contain an `m'! Please correct it.
               Found on input line 34.

)
LaTeX Font Info:    Font shape `TS1/phv/m/n' will be
(Font)              scaled to size 6.64998pt on input line 59.
LaTeX Font Info:    Font shape `OT1/phv/b/n' will be
(Font)              scaled to size 7.59998pt on input line 59.
LaTeX Font Info:    Font shape `OT1/phv/b/n' will be
(Font)              scaled to size 5.69998pt on input line 59.
LaTeX Font Info:    Font shape `OT1/phv/m/n' will be
(Font)              scaled to size 7.59998pt on input line 59.
LaTeX Font Info:    Font shape `OT1/phv/m/n' will be
(Font)              scaled to size 5.69998pt on input line 59.
LaTeX Font Info:    Font shape `OT1/phv/m/n' will be
(Font)              scaled to size 4.74998pt on input line 59.
LaTeX Font Info:    Trying to load font information for OT1+pcr on input line 5
9.
("C:\Program Files\MiKTeX 2.9\tex/latex/psnfss\ot1pcr.fd"
File: ot1pcr.fd 2001/06/04 font definitions for OT1/pcr.
)
Underfull \vbox (badness 10000) has occurred while \output is active []

LaTeX Font Info:    Font shape `OT1/phv/m/it' in size <7> not available
(Font)              Font shape `OT1/phv/m/sl' tried instead on input line 61.
LaTeX Font Info:    Font shape `OT1/phv/m/sl' will be
(Font)              scaled to size 6.64998pt on input line 61.
[1

{C:/Users/nw19521/AppData/Local/MiKTeX/2.9/pdftex/config/pdftex.map}] [2]
LaTeX Font Info:    Trying to load font information for TS1+ptm on input line 1
36.
("C:\Program Files\MiKTeX 2.9\tex/latex/psnfss\ts1ptm.fd"
File: ts1ptm.fd 2001/06/04 font definitions for TS1/ptm.
) [3]
LaTeX Font Info:    Font shape `OT1/phv/m/it' in size <12> not available
(Font)              Font shape `OT1/phv/m/sl' tried instead on input line 180.
LaTeX Font Info:    Font shape `OT1/phv/m/sl' will be
(Font)              scaled to size 11.39996pt on input line 180.

Overfull \vbox (0.91464pt too high) has occurred while \output is active []

[4] [5] [6]
Overfull \vbox (2.3146pt too high) has occurred while \output is active []

[7]
<figures/time.var.plot2020.png, id=313, 481.8pt x 481.8pt>
File: figures/time.var.plot2020.png Graphic file (type png)
<use figures/time.var.plot2020.png>
Package pdftex.def Info: figures/time.var.plot2020.png  used on input line 442.

(pdftex.def)             Requested size: 264.61588pt x 210.54437pt.
LaTeX Font Info:    Font shape `OT1/phv/m/n' will be
(Font)              scaled to size 8.54997pt on input line 443.
LaTeX Font Info:    Font shape `OT1/phv/b/n' will be
(Font)              scaled to size 8.54997pt on input line 443.
<figures/time.var.plot2019.png, id=314, 481.8pt x 481.8pt>
File: figures/time.var.plot2019.png Graphic file (type png)
<use figures/time.var.plot2019.png>
Package pdftex.def Info: figures/time.var.plot2019.png  used on input line 448.

(pdftex.def)             Requested size: 264.61588pt x 210.54437pt.
[8] [9 <./figures/time.var.plot2020.png> <./figures/time.var.plot2019.png>]
<figures/upClusterL.png, id=338, 481.8pt x 481.8pt>
File: figures/upClusterL.png Graphic file (type png)
<use figures/upClusterL.png>
Package pdftex.def Info: figures/upClusterL.png  used on input line 521.
(pdftex.def)             Requested size: 335.17236pt x 335.18452pt.
<figures/upClusterS.png, id=339, 481.8pt x 481.8pt>
File: figures/upClusterS.png Graphic file (type png)
<use figures/upClusterS.png>
Package pdftex.def Info: figures/upClusterS.png  used on input line 525.
(pdftex.def)             Requested size: 335.17236pt x 335.18452pt.

Overfull \hbox (10.47156pt too wide) in paragraph at lines 532--553
 [][] 
 []

[10]
Underfull \vbox (badness 10000) has occurred while \output is active []

[11 <./figures/upClusterL.png>] [12 <./figures/upClusterS.png>] [13]
Overfull \hbox (41.47224pt too wide) in paragraph at lines 651--719
 [][] 
 []

<figures/map.up.clusters.png, id=383, 505.89pt x 505.89pt>
File: figures/map.up.clusters.png Graphic file (type png)
<use figures/map.up.clusters.png>
Package pdftex.def Info: figures/map.up.clusters.png  used on input line 774.
(pdftex.def)             Requested size: 335.17236pt x 335.17754pt.
[14] [15]
Underfull \vbox (badness 10000) has occurred while \output is active []

[16 <./figures/map.up.clusters.png>]
Underfull \vbox (badness 10000) has occurred while \output is active []

[17] [18] [19] [20] [21]
Overfull \hbox (34.4734pt too wide) in paragraph at lines 1105--1129
 [][] 
 []


Underfull \vbox (badness 10000) has occurred while \output is active []

[22] (broadband.speed.covid.bbl
Underfull \hbox (badness 10000) in paragraph at lines 100--103
[]\OT1/ptm/m/n/9 Eurofound (2020) Liv-ing, work-ing and covid-19.  \OT1/ptm/m/i
t/9 COVID-19 series \OT1/ptm/m/n/9 URL
 []


Underfull \hbox (badness 10000) in paragraph at lines 100--103
[][]$\OT1/pcr/m/n/9 https : / / www . eurofound . europa . eu / publications / 
report / 2020 /
 []


Underfull \vbox (badness 10000) has occurred while \output is active []

[23]
Underfull \hbox (badness 10000) in paragraph at lines 125--128
[]\OT1/ptm/m/n/9 GOVUK (2020) News and com-mu-ni-ca-tions.  URL [][]$\OT1/pcr/m
/n/9 https : / / www . gov .
 []


Underfull \hbox (badness 10000) in paragraph at lines 125--128
\OT1/pcr/m/n/9 uk / search / news-[]and-[]communications ? level _ one _ taxon 
=
 []


Underfull \vbox (badness 10000) has occurred while \output is active []

[24]
Underfull \hbox (badness 10000) in paragraph at lines 247--251
[]\OT1/ptm/m/n/9 OfCom (2017) Uk home broad-band per-for-mance: The per-for-man
ce of
 []


Underfull \hbox (badness 10000) in paragraph at lines 247--251
\OT1/ptm/m/n/9 fixed-line broad-band deliv-ered to uk res-i-den-tial con-sumers
. research
 []


Underfull \hbox (badness 10000) in paragraph at lines 247--251
\OT1/ptm/m/n/9 report.  URL [][]$\OT1/pcr/m/n/9 https : / / www . ofcom . org .
 uk / _ _ data / assets /
 []


Underfull \hbox (badness 10000) in paragraph at lines 247--251
\OT1/pcr/m/n/9 pdf _ file / 0015 / 100761 / UK-[]home-[]broadband-[]performance
 ,[]
 []


Underfull \hbox (badness 10000) in paragraph at lines 253--256
[]\OT1/ptm/m/n/9 ONS (2020a) Coro-n-avirus and home-work-ing in the uk: April 2
020.  URL
 []


Underfull \hbox (badness 10000) in paragraph at lines 253--256
[][]$\OT1/pcr/m/n/9 https : / / www . ons . gov . uk / employmentandlabourmarke
t /
 []


Underfull \hbox (badness 10000) in paragraph at lines 253--256
\OT1/pcr/m/n/9 peopleinwork / employmentandemployeetypes / bulletins /
 []


Underfull \hbox (badness 10000) in paragraph at lines 258--262
[]\OT1/ptm/m/n/9 ONS (2020b) Coro-n-avirus and home-work-ing in the uk labour m
ar-ket: 2019.
 []


Underfull \hbox (badness 10000) in paragraph at lines 258--262
\OT1/ptm/m/n/9 URL [][]$\OT1/pcr/m/n/9 https : / / www . ons . gov . uk / emplo
ymentandlabourmarket /
 []


Underfull \hbox (badness 10000) in paragraph at lines 258--262
\OT1/pcr/m/n/9 peopleinwork / employmentandemployeetypes / articles /
 []


Underfull \vbox (badness 10000) has occurred while \output is active []

[25])
Package atveryend Info: Empty hook `BeforeClearDocument' on input line 1137.
[26]
Package atveryend Info: Empty hook `AfterLastShipout' on input line 1137.
(broadband.speed.covid.aux)
Package atveryend Info: Executing hook `AtVeryEndDocument' on input line 1137.
Package atveryend Info: Executing hook `AtEndAfterFileList' on input line 1137.

Package rerunfilecheck Info: File `broadband.speed.covid.out' has not changed.
(rerunfilecheck)             Checksum: 803CC04E70A815ED33BC10581053CF51;800.

LaTeX Warning: There were multiply-defined labels.

Package atveryend Info: Empty hook `AtVeryVeryEnd' on input line 1137.
 ) 
Here is how much of TeX's memory you used:
 9727 strings out of 481181
 152753 string characters out of 2903886
 456201 words of memory out of 3000000
 24942 multiletter control sequences out of 15000+200000
 587155 words of font info for 126 fonts, out of 3000000 for 9000
 1141 hyphenation exceptions out of 8191
 47i,13n,47p,295b,542s stack positions out of 5000i,500n,10000p,200000b,50000s
{C:/Users/nw19521/AppData/Local/Programs/MiKTeX/fonts/enc/dvips/base/8r.enc}<
C:/Users/nw19521/AppData/Local/Programs/MiKTeX/fonts/type1/public/amsfonts/cm/c
mex10.pfb><C:/Users/nw19521/AppData/Local/Programs/MiKTeX/fonts/type1/public/am
sfonts/cm/cmmi10.pfb><C:/Users/nw19521/AppData/Local/Programs/MiKTeX/fonts/type
1/public/amsfonts/cm/cmmi5.pfb><C:/Users/nw19521/AppData/Local/Programs/MiKTeX/
fonts/type1/public/amsfonts/cm/cmmi7.pfb><C:/Users/nw19521/AppData/Local/Progra
ms/MiKTeX/fonts/type1/public/amsfonts/cm/cmr10.pfb><C:/Users/nw19521/AppData/Lo
cal/Programs/MiKTeX/fonts/type1/public/amsfonts/cm/cmr7.pfb><C:/Users/nw19521/A
ppData/Local/Programs/MiKTeX/fonts/type1/public/amsfonts/cm/cmsy10.pfb><C:/User
s/nw19521/AppData/Local/Programs/MiKTeX/fonts/type1/public/amsfonts/cm/cmsy5.pf
b><C:/Users/nw19521/AppData/Local/Programs/MiKTeX/fonts/type1/public/amsfonts/c
m/cmsy6.pfb><C:/Users/nw19521/AppData/Local/Programs/MiKTeX/fonts/type1/public/
amsfonts/symbols/msbm10.pfb><C:/Users/nw19521/AppData/Local/Programs/MiKTeX/fon
ts/type1/urw/courier/ucrr8a.pfb><C:/Users/nw19521/AppData/Local/Programs/MiKTeX
/fonts/type1/urw/helvetic/uhvb8a.pfb><C:/Users/nw19521/AppData/Local/Programs/M
iKTeX/fonts/type1/urw/helvetic/uhvr8a.pfb><C:/Users/nw19521/AppData/Local/Progr
ams/MiKTeX/fonts/type1/urw/helvetic/uhvro8a.pfb><C:/Users/nw19521/AppData/Local
/Programs/MiKTeX/fonts/type1/urw/times/utmb8a.pfb><C:/Users/nw19521/AppData/Loc
al/Programs/MiKTeX/fonts/type1/urw/times/utmr8a.pfb><C:/Users/nw19521/AppData/L
ocal/Programs/MiKTeX/fonts/type1/urw/times/utmri8a.pfb>
Output written on broadband.speed.covid.pdf (26 pages, 470095 bytes).
PDF statistics:
 597 PDF objects out of 1000 (max. 8388607)
 128 named destinations out of 1000 (max. 500000)
 130 words of extra memory for PDF output out of 10000 (max. 10000000)

